<?xml version="1.0" encoding="UTF-8"?>
<!-- Generated by org.testng.reporters.JUnitReportReporter -->
<testsuite skipped="0" hostname="TS1WLKP" name="utilities.Util" tests="1" failures="0" timestamp="2024-02-26T17:54:12 IST" time="0.004" errors="0">
  <testcase name="loginTest" time="0.004" classname="utilities.Util"/>
  <system-out/>
</testsuite> <!-- utilities.Util -->
