<?xml version="1.0" encoding="UTF-8"?>
<!-- Generated by org.testng.reporters.JUnitReportReporter -->
<testsuite skipped="0" hostname="TS1WLKP" name="test.MakeAppointmentTest" tests="1" failures="0" timestamp="2024-03-05T13:02:25 IST" time="39.267" errors="0">
  <testcase name="loginTest" time="39.267" classname="test.MakeAppointmentTest"/>
  <system-out/>
</testsuite> <!-- test.MakeAppointmentTest -->
