<?xml version="1.0" encoding="UTF-8"?>
<!-- Generated by org.testng.reporters.JUnitReportReporter -->
<testsuite skipped="0" hostname="TS1WLKP" name="test.LoginTest" tests="2" failures="0" timestamp="2024-02-26T16:31:38 IST" time="21.381" errors="0">
  <testcase name="loginTest" time="15.480" classname="test.LoginTest"/>
  <system-out/>
  <testcase name="loginTest" time="5.901" classname="test.LoginTest"/>
  <system-out/>
</testsuite> <!-- test.LoginTest -->
